JUCE v8.0.12
[WebView] Navigating to: juce://juce.backend/index.html
[InstrumentBrowser] Found instruments.xml in Dorico 6: /Applications/Dorico 6.app/Contents/Resources/instruments.xml
[InstrumentBrowser] Parsed 624 instruments
[MasterList] Loaded 23 instrument slots from JSON (56 total channels)
[Scripting] Loading script: /Users/mhc/fiddle/build/FiddleServer_artefacts/Debug/FiddleServer.app/Contents/MacOS/scripts/default_fiddle.as
[ExpressionMap] MEG 'Attack' -> CC104 (3 techniques, defaults: 64)
[ExpressionMap] MEG 'Legato' -> CC103 (2 techniques, defaults: 0)
[ExpressionMap] MEG 'Bow Direction' -> CC105 (3 techniques, defaults: 0)
[ExpressionMap] MEG 'Vibrato' -> CC106 (4 techniques, defaults: 64)
[ExpressionMap] MEG 'Mute' -> CC107 (2 techniques, defaults: 0)
[ExpressionMap] MEG 'Playing Position' -> CC108 (4 techniques, defaults: 0)
[ExpressionMap] MEG 'Tremolo' -> CC110 (3 techniques, defaults: 0)
[ExpressionMap] MEG 'Technique' -> CC111 (7 techniques, defaults: 0)
[ExpressionMap] MEG 'Gliss/Port' -> CC112 (3 techniques, defaults: 0)
[ExpressionMap] MEG 'Arpeggios' -> CC113 (3 techniques, defaults: 0)
[ExpressionMap] MEG 'Harmonics' -> CC109 (4 techniques, defaults: 0)
[ExpressionMap] Base switch CC102=0 (Natural) dynamics=CC1
[ExpressionMap] Base switch CC102=2 (Staccato) dynamics=velocity
[ExpressionMap] Base switch CC102=1 (Staccatissimo) dynamics=velocity
[ExpressionMap] Base switch CC102=4 (Tenuto) dynamics=CC1
[ExpressionMap] Base switch CC102=3 (Staccato+Tenuto) dynamics=CC1
[ExpressionMap] Articulation -> CC102 (5 techniques)
[ExpressionMap] Loaded 12 dimensions from Fiddle_Universal.doricolib
MidiTcpServer: Listening on port 5252
[AudioCallback] Ticked 100 blocks
[AudioCallback] Ticked 200 blocks
[AudioCallback] Ticked 300 blocks
[AudioCallback] Ticked 400 blocks
[AudioCallback] Ticked 500 blocks
[AudioCallback] Ticked 600 blocks
[AudioCallback] Ticked 700 blocks
[AudioCallback] Ticked 800 blocks
[AudioCallback] Ticked 900 blocks
[AudioCallback] Ticked 1000 blocks
[AudioCallback] Ticked 1100 blocks
[AudioCallback] Ticked 1200 blocks
[AudioCallback] Ticked 1300 blocks
MidiTcpServer: Client connected from 127.0.0.1
[MidiTcpServer] Parsed Protobuf event of type 4
[AudioCallback] Ticked 1400 blocks
[AudioCallback] Ticked 1500 blocks
[AudioCallback] Ticked 1600 blocks
[AudioCallback] Ticked 1700 blocks
[AudioCallback] Ticked 1800 blocks
[AudioCallback] Ticked 1900 blocks
[AudioCallback] Ticked 2000 blocks
[AudioCallback] Ticked 2100 blocks
[AudioCallback] Ticked 2200 blocks
[AudioCallback] Ticked 2300 blocks
[AudioCallback] Ticked 2400 blocks
[AudioCallback] Ticked 2500 blocks
[AudioCallback] Ticked 2600 blocks
[AudioCallback] Ticked 2700 blocks
[AudioCallback] Ticked 2800 blocks
[AudioCallback] Ticked 2900 blocks
[AudioCallback] Ticked 3000 blocks
[AudioCallback] Ticked 3100 blocks
[AudioCallback] Ticked 3200 blocks
[AudioCallback] Ticked 3300 blocks
[AudioCallback] Ticked 3400 blocks
[AudioCallback] Ticked 3500 blocks
[AudioCallback] Ticked 3600 blocks
[AudioCallback] Ticked 3700 blocks
[AudioCallback] Ticked 3800 blocks
[AudioCallback] Ticked 3900 blocks
[AudioCallback] Ticked 4000 blocks
[AudioCallback] Ticked 4100 blocks
[AudioCallback] Ticked 4200 blocks
[AudioCallback] Ticked 4300 blocks
[AudioCallback] Ticked 4400 blocks
[AudioCallback] Ticked 4500 blocks
[AudioCallback] Ticked 4600 blocks
[AudioCallback] Ticked 4700 blocks
[AudioCallback] Ticked 4800 blocks
[AudioCallback] Ticked 4900 blocks
[AudioCallback] Ticked 5000 blocks
[AudioCallback] Ticked 5100 blocks
[AudioCallback] Ticked 5200 blocks
[AudioCallback] Ticked 5300 blocks
[AudioCallback] Ticked 5400 blocks
[AudioCallback] Ticked 5500 blocks
[AudioCallback] Ticked 5600 blocks
[AudioCallback] Ticked 5700 blocks
[AudioCallback] Ticked 5800 blocks
[AudioCallback] Ticked 5900 blocks
[AudioCallback] Ticked 6000 blocks
[AudioCallback] Ticked 6100 blocks
[AudioCallback] Ticked 6200 blocks
[AudioCallback] Ticked 6300 blocks
[AudioCallback] Ticked 6400 blocks
[AudioCallback] Ticked 6500 blocks
[AudioCallback] Ticked 6600 blocks
[AudioCallback] Ticked 6700 blocks
[AudioCallback] Ticked 6800 blocks
[AudioCallback] Ticked 6900 blocks
[AudioCallback] Ticked 7000 blocks
[AudioCallback] Ticked 7100 blocks
[AudioCallback] Ticked 7200 blocks
[AudioCallback] Ticked 7300 blocks
[AudioCallback] Ticked 7400 blocks
[AudioCallback] Ticked 7500 blocks
[AudioCallback] Ticked 7600 blocks
[AudioCallback] Ticked 7700 blocks
[AudioCallback] Ticked 7800 blocks
[AudioCallback] Ticked 7900 blocks
[AudioCallback] Ticked 8000 blocks
[AudioCallback] Ticked 8100 blocks
[AudioCallback] Ticked 8200 blocks
[AudioCallback] Ticked 8300 blocks
[AudioCallback] Ticked 8400 blocks
[AudioCallback] Ticked 8500 blocks
[AudioCallback] Ticked 8600 blocks
[AudioCallback] Ticked 8700 blocks
[AudioCallback] Ticked 8800 blocks
[AudioCallback] Ticked 8900 blocks
[AudioCallback] Ticked 9000 blocks
[AudioCallback] Ticked 9100 blocks
[AudioCallback] Ticked 9200 blocks
[AudioCallback] Ticked 9300 blocks
[AudioCallback] Ticked 9400 blocks
[AudioCallback] Ticked 9500 blocks
[AudioCallback] Ticked 9600 blocks
[AudioCallback] Ticked 9700 blocks
[AudioCallback] Ticked 9800 blocks
[AudioCallback] Ticked 9900 blocks
[AudioCallback] Ticked 10000 blocks
[AudioCallback] Ticked 10100 blocks
[AudioCallback] Ticked 10200 blocks
[AudioCallback] Ticked 10300 blocks
[AudioCallback] Ticked 10400 blocks
[AudioCallback] Ticked 10500 blocks
[AudioCallback] Ticked 10600 blocks
[AudioCallback] Ticked 10700 blocks
[AudioCallback] Ticked 10800 blocks
[AudioCallback] Ticked 10900 blocks
[AudioCallback] Ticked 11000 blocks
[AudioCallback] Ticked 11100 blocks
[AudioCallback] Ticked 11200 blocks
[AudioCallback] Ticked 11300 blocks
[AudioCallback] Ticked 11400 blocks
[AudioCallback] Ticked 11500 blocks
[AudioCallback] Ticked 11600 blocks
[AudioCallback] Ticked 11700 blocks
[AudioCallback] Ticked 11800 blocks
[AudioCallback] Ticked 11900 blocks
[AudioCallback] Ticked 12000 blocks
[AudioCallback] Ticked 12100 blocks
[AudioCallback] Ticked 12200 blocks
[AudioCallback] Ticked 12300 blocks
[AudioCallback] Ticked 12400 blocks
[AudioCallback] Ticked 12500 blocks
[AudioCallback] Ticked 12600 blocks
[AudioCallback] Ticked 12700 blocks
[AudioCallback] Ticked 12800 blocks
[AudioCallback] Ticked 12900 blocks
[AudioCallback] Ticked 13000 blocks
[AudioCallback] Ticked 13100 blocks
[AudioCallback] Ticked 13200 blocks
[AudioCallback] Ticked 13300 blocks
[AudioCallback] Ticked 13400 blocks
[AudioCallback] Ticked 13500 blocks
[AudioCallback] Ticked 13600 blocks
[AudioCallback] Ticked 13700 blocks
[AudioCallback] Ticked 13800 blocks
[AudioCallback] Ticked 13900 blocks
[AudioCallback] Ticked 14000 blocks
[AudioCallback] Ticked 14100 blocks
[AudioCallback] Ticked 14200 blocks
[AudioCallback] Ticked 14300 blocks
[AudioCallback] Ticked 14400 blocks
[AudioCallback] Ticked 14500 blocks
[AudioCallback] Ticked 14600 blocks
[AudioCallback] Ticked 14700 blocks
[AudioCallback] Ticked 14800 blocks
[AudioCallback] Ticked 14900 blocks
[AudioCallback] Ticked 15000 blocks
[AudioCallback] Ticked 15100 blocks
[AudioCallback] Ticked 15200 blocks
[AudioCallback] Ticked 15300 blocks
[AudioCallback] Ticked 15400 blocks
[AudioCallback] Ticked 15500 blocks
[AudioCallback] Ticked 15600 blocks
[AudioCallback] Ticked 15700 blocks
[AudioCallback] Ticked 15800 blocks
[AudioCallback] Ticked 15900 blocks
[AudioCallback] Ticked 16000 blocks
[AudioCallback] Ticked 16100 blocks
[AudioCallback] Ticked 16200 blocks
[AudioCallback] Ticked 16300 blocks
[AudioCallback] Ticked 16400 blocks
[AudioCallback] Ticked 16500 blocks
[AudioCallback] Ticked 16600 blocks
[AudioCallback] Ticked 16700 blocks
[AudioCallback] Ticked 16800 blocks
[AudioCallback] Ticked 16900 blocks
[AudioCallback] Ticked 17000 blocks
[AudioCallback] Ticked 17100 blocks
[AudioCallback] Ticked 17200 blocks
[AudioCallback] Ticked 17300 blocks
[AudioCallback] Ticked 17400 blocks
[AudioCallback] Ticked 17500 blocks
[AudioCallback] Ticked 17600 blocks
[AudioCallback] Ticked 17700 blocks
[AudioCallback] Ticked 17800 blocks
[AudioCallback] Ticked 17900 blocks
[AudioCallback] Ticked 18000 blocks
[AudioCallback] Ticked 18100 blocks
[AudioCallback] Ticked 18200 blocks
[AudioCallback] Ticked 18300 blocks
[AudioCallback] Ticked 18400 blocks
[AudioCallback] Ticked 18500 blocks
[AudioCallback] Ticked 18600 blocks
[AudioCallback] Ticked 18700 blocks
[AudioCallback] Ticked 18800 blocks
[AudioCallback] Ticked 18900 blocks
[AudioCallback] Ticked 19000 blocks
[AudioCallback] Ticked 19100 blocks
[AudioCallback] Ticked 19200 blocks
[AudioCallback] Ticked 19300 blocks
[AudioCallback] Ticked 19400 blocks
[AudioCallback] Ticked 19500 blocks
[AudioCallback] Ticked 19600 blocks
[AudioCallback] Ticked 19700 blocks
[AudioCallback] Ticked 19800 blocks
[AudioCallback] Ticked 19900 blocks
[AudioCallback] Ticked 20000 blocks
[AudioCallback] Ticked 20100 blocks
[AudioCallback] Ticked 20200 blocks
[AudioCallback] Ticked 20300 blocks
[AudioCallback] Ticked 20400 blocks
[AudioCallback] Ticked 20500 blocks
[AudioCallback] Ticked 20600 blocks
[AudioCallback] Ticked 20700 blocks
[AudioCallback] Ticked 20800 blocks
[AudioCallback] Ticked 20900 blocks
[AudioCallback] Ticked 21000 blocks
[AudioCallback] Ticked 21100 blocks
[AudioCallback] Ticked 21200 blocks
[AudioCallback] Ticked 21300 blocks
[AudioCallback] Ticked 21400 blocks
[AudioCallback] Ticked 21500 blocks
[AudioCallback] Ticked 21600 blocks
[AudioCallback] Ticked 21700 blocks
[AudioCallback] Ticked 21800 blocks
[AudioCallback] Ticked 21900 blocks
[AudioCallback] Ticked 22000 blocks
[AudioCallback] Ticked 22100 blocks
[AudioCallback] Ticked 22200 blocks
[AudioCallback] Ticked 22300 blocks
[AudioCallback] Ticked 22400 blocks
[AudioCallback] Ticked 22500 blocks
[AudioCallback] Ticked 22600 blocks
[AudioCallback] Ticked 22700 blocks
[AudioCallback] Ticked 22800 blocks
[AudioCallback] Ticked 22900 blocks
[AudioCallback] Ticked 23000 blocks
[AudioCallback] Ticked 23100 blocks
[AudioCallback] Ticked 23200 blocks
[AudioCallback] Ticked 23300 blocks
[AudioCallback] Ticked 23400 blocks
[AudioCallback] Ticked 23500 blocks
[AudioCallback] Ticked 23600 blocks
[AudioCallback] Ticked 23700 blocks
[AudioCallback] Ticked 23800 blocks
[AudioCallback] Ticked 23900 blocks
[AudioCallback] Ticked 24000 blocks
[AudioCallback] Ticked 24100 blocks
[AudioCallback] Ticked 24200 blocks
[AudioCallback] Ticked 24300 blocks
[AudioCallback] Ticked 24400 blocks
[AudioCallback] Ticked 24500 blocks
[AudioCallback] Ticked 24600 blocks
[AudioCallback] Ticked 24700 blocks
[AudioCallback] Ticked 24800 blocks
[AudioCallback] Ticked 24900 blocks
[AudioCallback] Ticked 25000 blocks
[AudioCallback] Ticked 25100 blocks
[AudioCallback] Ticked 25200 blocks
[AudioCallback] Ticked 25300 blocks
[AudioCallback] Ticked 25400 blocks
[AudioCallback] Ticked 25500 blocks
[AudioCallback] Ticked 25600 blocks
[AudioCallback] Ticked 25700 blocks
[AudioCallback] Ticked 25800 blocks
[AudioCallback] Ticked 25900 blocks
[AudioCallback] Ticked 26000 blocks
[AudioCallback] Ticked 26100 blocks
[AudioCallback] Ticked 26200 blocks
[AudioCallback] Ticked 26300 blocks
[AudioCallback] Ticked 26400 blocks
[AudioCallback] Ticked 26500 blocks
[AudioCallback] Ticked 26600 blocks
[AudioCallback] Ticked 26700 blocks
[AudioCallback] Ticked 26800 blocks
