0 verbose cli /Users/mhc/.nvm/versions/node/v25.5.0/bin/node /Users/mhc/.nvm/versions/node/v25.5.0/bin/npm
1 info using npm@10.9.4
2 info using node@v25.5.0
3 silly config load:file:/Users/mhc/.nvm/versions/node/v25.5.0/lib/node_modules/npm/npmrc
4 silly config load:file:/Users/mhc/fiddle/Source/Server/ui/.npmrc
5 silly config load:file:/Users/mhc/.npmrc
6 silly config load:file:/Users/mhc/.nvm/versions/node/v25.5.0/etc/npmrc
7 verbose title npm install
8 verbose argv "install"
9 verbose logfile logs-max:10 dir:/Users/mhc/fiddle/.npm_cache/_logs/2026-01-27T04_47_44_078Z-
10 verbose logfile /Users/mhc/fiddle/.npm_cache/_logs/2026-01-27T04_47_44_078Z-debug-0.log
11 silly logfile done cleaning log files
12 silly packumentCache heap:4496293888 maxSize:1124073472 maxEntrySize:562036736
13 verbose shrinkwrap failed to load /Users/mhc/fiddle/Source/Server/ui EPERM: operation not permitted, open '/Users/mhc/fiddle/Source/Server/ui/package-lock.json'
14 verbose shrinkwrap failed to load node_modules/.package-lock.json out of date, updated: node_modules
15 verbose shrinkwrap failed to load /Users/mhc/fiddle/Source/Server/ui EPERM: operation not permitted, open '/Users/mhc/fiddle/Source/Server/ui/package-lock.json'
16 verbose shrinkwrap failed to load node_modules/.package-lock.json out of date, updated: node_modules
17 verbose shrinkwrap failed to load /Users/mhc/fiddle/Source/Server/ui EPERM: operation not permitted, open '/Users/mhc/fiddle/Source/Server/ui/package-lock.json'
18 silly idealTree buildDeps
19 silly reify moves {}
20 silly audit bulk request {
20 silly audit   acorn: [ '8.15.0' ],
20 silly audit   'aria-query': [ '5.3.2' ],
20 silly audit   clsx: [ '2.1.1' ],
20 silly audit   esbuild: [ '0.27.2' ],
20 silly audit   'axobject-query': [ '4.1.0' ],
20 silly audit   deepmerge: [ '4.3.1' ],
20 silly audit   'esm-env': [ '1.2.2' ],
20 silly audit   devalue: [ '5.6.2' ],
20 silly audit   esrap: [ '2.2.2' ],
20 silly audit   fdir: [ '6.5.0' ],
20 silly audit   'is-reference': [ '3.0.3' ],
20 silly audit   fsevents: [ '2.3.3' ],
20 silly audit   nanoid: [ '3.3.11' ],
20 silly audit   'locate-character': [ '3.0.0' ],
20 silly audit   'magic-string': [ '0.30.21' ],
20 silly audit   obug: [ '2.1.1' ],
20 silly audit   picocolors: [ '1.1.1' ],
20 silly audit   picomatch: [ '4.0.3' ],
20 silly audit   rollup: [ '4.56.0' ],
20 silly audit   postcss: [ '8.5.6' ],
20 silly audit   tinyglobby: [ '0.2.15' ],
20 silly audit   'source-map-js': [ '1.2.1' ],
20 silly audit   svelte: [ '5.48.3' ],
20 silly audit   vitefu: [ '1.1.1' ],
20 silly audit   zimmerframe: [ '1.1.4' ],
20 silly audit   vite: [ '7.3.1' ],
20 silly audit   '@esbuild/darwin-arm64': [ '0.27.2' ],
20 silly audit   '@rollup/rollup-darwin-arm64': [ '4.56.0' ],
20 silly audit   '@jridgewell/gen-mapping': [ '0.3.13' ],
20 silly audit   '@jridgewell/remapping': [ '2.3.5' ],
20 silly audit   '@jridgewell/resolve-uri': [ '3.1.2' ],
20 silly audit   '@jridgewell/trace-mapping': [ '0.3.31' ],
20 silly audit   '@jridgewell/sourcemap-codec': [ '1.5.5' ],
20 silly audit   '@sveltejs/acorn-typescript': [ '1.0.8' ],
20 silly audit   '@sveltejs/vite-plugin-svelte': [ '6.2.4' ],
20 silly audit   '@types/estree': [ '1.0.8' ],
20 silly audit   '@sveltejs/vite-plugin-svelte-inspector': [ '5.0.2' ]
20 silly audit }
21 verbose stack TypeError [ERR_INVALID_ARG_TYPE]: The "path" argument must be of type string or an instance of Buffer or URL. Received null
21 verbose stack     at open (node:internal/fs/promises:633:10)
21 verbose stack     at writeFile (node:internal/fs/promises:1239:20)
21 verbose stack     at Shrinkwrap.save (/Users/mhc/.nvm/versions/node/v25.5.0/lib/node_modules/npm/node_modules/@npmcli/arborist/lib/shrinkwrap.js:1164:7)
21 verbose stack     at [saveIdealTree] (/Users/mhc/.nvm/versions/node/v25.5.0/lib/node_modules/npm/node_modules/@npmcli/arborist/lib/arborist/reify.js:1526:33)
21 verbose stack     at Arborist.reify (/Users/mhc/.nvm/versions/node/v25.5.0/lib/node_modules/npm/node_modules/@npmcli/arborist/lib/arborist/reify.js:148:31)
21 verbose stack     at async Install.exec (/Users/mhc/.nvm/versions/node/v25.5.0/lib/node_modules/npm/lib/commands/install.js:150:5)
21 verbose stack     at async Npm.exec (/Users/mhc/.nvm/versions/node/v25.5.0/lib/node_modules/npm/lib/npm.js:207:9)
21 verbose stack     at async module.exports (/Users/mhc/.nvm/versions/node/v25.5.0/lib/node_modules/npm/lib/cli/entry.js:74:5)
22 error code ERR_INVALID_ARG_TYPE
23 error The "path" argument must be of type string or an instance of Buffer or URL. Received null
24 silly unfinished npm timer reify 1769489264233
25 silly unfinished npm timer reify:audit 1769489264261
26 silly unfinished npm timer auditReport:getReport 1769489264261
27 silly unfinished npm timer reify:save 1769489264264
28 verbose cwd /Users/mhc/fiddle/Source/Server/ui
29 verbose os Darwin 25.2.0
30 verbose node v25.5.0
31 verbose npm  v10.9.4
32 verbose exit 1
33 verbose code 1
34 error A complete log of this run can be found in: /Users/mhc/fiddle/.npm_cache/_logs/2026-01-27T04_47_44_078Z-debug-0.log
